This is pdfTeX, Version 3.14159265-2.6-1.40.17 (TeX Live 2016) (preloaded format=pdflatex 2016.5.22)  7 JUL 2021 09:00
entering extended mode
 restricted \write18 enabled.
 file:line:error style messages enabled.
 %&-line parsing enabled.
**psp_proposal.tex
(./psp_proposal.tex
LaTeX2e <2016/03/31>
Babel <3.9r> and hyphenation patterns for 83 language(s) loaded.
(/usr/local/texlive/2016/texmf-dist/tex/latex/base/article.cls
Document Class: article 2014/09/29 v1.4h Standard LaTeX document class
(/usr/local/texlive/2016/texmf-dist/tex/latex/base/size11.clo
File: size11.clo 2014/09/29 v1.4h Standard LaTeX file (size option)
)
\c@part=\count79
\c@section=\count80
\c@subsection=\count81
\c@subsubsection=\count82
\c@paragraph=\count83
\c@subparagraph=\count84
\c@figure=\count85
\c@table=\count86
\abovecaptionskip=\skip41
\belowcaptionskip=\skip42
\bibindent=\dimen102
)
(/usr/local/texlive/2016/texmf-dist/tex/latex/changepage/changepage.sty
Package: changepage 2009/10/20 v1.0c check page and change page layout
\c@cp@cntr=\count87
\cp@tempcnt=\count88
)
(/usr/local/texlive/2016/texmf-dist/tex/latex/titlesec/titleps.sty
Package: titleps 2016/03/15 v1.1.1 Page styles

(/usr/local/texlive/2016/texmf-dist/tex/latex/titlesec/ttlps.def
File: ttlps.def 2016/03/15
))
(/usr/local/texlive/2016/texmf-dist/tex/latex/pdfpages/pdfpages.sty
Package: pdfpages 2016/04/19 v0.5f Insert pages of external PDF documents (AM)

(/usr/local/texlive/2016/texmf-dist/tex/latex/base/ifthen.sty
Package: ifthen 2014/09/29 v1.1c Standard LaTeX ifthen package (DPC)
)
(/usr/local/texlive/2016/texmf-dist/tex/latex/tools/calc.sty
Package: calc 2014/10/28 v4.3 Infix arithmetic (KKT,FJ)
\calc@Acount=\count89
\calc@Bcount=\count90
\calc@Adimen=\dimen103
\calc@Bdimen=\dimen104
\calc@Askip=\skip43
\calc@Bskip=\skip44
LaTeX Info: Redefining \setlength on input line 80.
LaTeX Info: Redefining \addtolength on input line 81.
\calc@Ccount=\count91
\calc@Cskip=\skip45
)
(/usr/local/texlive/2016/texmf-dist/tex/latex/eso-pic/eso-pic.sty
Package: eso-pic 2015/07/21 v2.0g eso-pic (RN)

(/usr/local/texlive/2016/texmf-dist/tex/generic/oberdiek/atbegshi.sty
Package: atbegshi 2016/05/16 v1.17 At begin shipout hook (HO)

(/usr/local/texlive/2016/texmf-dist/tex/generic/oberdiek/infwarerr.sty
Package: infwarerr 2016/05/16 v1.4 Providing info/warning/error messages (HO)
)
(/usr/local/texlive/2016/texmf-dist/tex/generic/oberdiek/ltxcmds.sty
Package: ltxcmds 2016/05/16 v1.23 LaTeX kernel commands for general use (HO)
)
(/usr/local/texlive/2016/texmf-dist/tex/generic/oberdiek/ifpdf.sty
Package: ifpdf 2016/05/14 v3.1 Provides the ifpdf switch
))
(/usr/local/texlive/2016/texmf-dist/tex/latex/graphics/keyval.sty
Package: keyval 2014/10/28 v1.15 key=value parser (DPC)
\KV@toks@=\toks14
)
(/usr/local/texlive/2016/texmf-dist/tex/latex/xcolor/xcolor.sty
Package: xcolor 2016/05/11 v2.12 LaTeX color extensions (UK)

(/usr/local/texlive/2016/texmf-dist/tex/latex/graphics-cfg/color.cfg
File: color.cfg 2016/01/02 v1.6 sample color configuration
)
Package xcolor Info: Driver file: pdftex.def on input line 225.

(/usr/local/texlive/2016/texmf-dist/tex/latex/pdftex-def/pdftex.def
File: pdftex.def 2011/05/27 v0.06d Graphics/color for pdfTeX
\Gread@gobject=\count92
)
Package xcolor Info: Model `cmy' substituted by `cmy0' on input line 1348.
Package xcolor Info: Model `hsb' substituted by `rgb' on input line 1352.
Package xcolor Info: Model `RGB' extended on input line 1364.
Package xcolor Info: Model `HTML' substituted by `rgb' on input line 1366.
Package xcolor Info: Model `Hsb' substituted by `hsb' on input line 1367.
Package xcolor Info: Model `tHsb' substituted by `hsb' on input line 1368.
Package xcolor Info: Model `HSB' substituted by `hsb' on input line 1369.
Package xcolor Info: Model `Gray' substituted by `gray' on input line 1370.
Package xcolor Info: Model `wave' substituted by `hsb' on input line 1371.
))
(/usr/local/texlive/2016/texmf-dist/tex/latex/graphics/graphicx.sty
Package: graphicx 2014/10/28 v1.0g Enhanced LaTeX Graphics (DPC,SPQR)

(/usr/local/texlive/2016/texmf-dist/tex/latex/graphics/graphics.sty
Package: graphics 2016/05/09 v1.0r Standard LaTeX Graphics (DPC,SPQR)

(/usr/local/texlive/2016/texmf-dist/tex/latex/graphics/trig.sty
Package: trig 2016/01/03 v1.10 sin cos tan (DPC)
)
(/usr/local/texlive/2016/texmf-dist/tex/latex/graphics-cfg/graphics.cfg
File: graphics.cfg 2016/01/02 v1.10 sample graphics configuration
)
Package graphics Info: Driver file: pdftex.def on input line 96.
)
\Gin@req@height=\dimen105
\Gin@req@width=\dimen106
)
\AM@pagewidth=\dimen107
\AM@pageheight=\dimen108

(/usr/local/texlive/2016/texmf-dist/tex/latex/pdfpages/pppdftex.def
File: pppdftex.def 2016/04/19 v0.5f Pdfpages driver for pdfTeX (AM)
)
\AM@pagebox=\box26
\AM@global@opts=\toks15
\AM@toc@title=\toks16
\c@AM@survey=\count93
\AM@templatesizebox=\box27
)
(./psp_proposal.aux)
\openout1 = `psp_proposal.aux'.

LaTeX Font Info:    Checking defaults for OML/cmm/m/it on input line 9.
LaTeX Font Info:    ... okay on input line 9.
LaTeX Font Info:    Checking defaults for T1/cmr/m/n on input line 9.
LaTeX Font Info:    ... okay on input line 9.
LaTeX Font Info:    Checking defaults for OT1/cmr/m/n on input line 9.
LaTeX Font Info:    ... okay on input line 9.
LaTeX Font Info:    Checking defaults for OMS/cmsy/m/n on input line 9.
LaTeX Font Info:    ... okay on input line 9.
LaTeX Font Info:    Checking defaults for OMX/cmex/m/n on input line 9.
LaTeX Font Info:    ... okay on input line 9.
LaTeX Font Info:    Checking defaults for U/cmr/m/n on input line 9.
LaTeX Font Info:    ... okay on input line 9.
\AtBeginShipoutBox=\box28

(/usr/local/texlive/2016/texmf-dist/tex/context/base/mkii/supp-pdf.mkii
[Loading MPS to PDF converter (version 2006.09.02).]
\scratchcounter=\count94
\scratchdimen=\dimen109
\scratchbox=\box29
\nofMPsegments=\count95
\nofMParguments=\count96
\everyMPshowfont=\toks17
\MPscratchCnt=\count97
\MPscratchDim=\dimen110
\MPnumerator=\count98
\makeMPintoPDFobject=\count99
\everyMPtoPDFconversion=\toks18
) (/usr/local/texlive/2016/texmf-dist/tex/generic/oberdiek/pdftexcmds.sty
Package: pdftexcmds 2016/05/10 v0.21 Utility functions of pdfTeX for LuaTeX (HO
)

(/usr/local/texlive/2016/texmf-dist/tex/generic/oberdiek/ifluatex.sty
Package: ifluatex 2016/05/16 v1.4 Provides the ifluatex switch (HO)
Package ifluatex Info: LuaTeX not detected.
)
Package pdftexcmds Info: LuaTeX not detected.
Package pdftexcmds Info: \pdf@primitive is available.
Package pdftexcmds Info: \pdf@ifprimitive is available.
Package pdftexcmds Info: \pdfdraftmode found.
)
(/usr/local/texlive/2016/texmf-dist/tex/latex/oberdiek/epstopdf-base.sty
Package: epstopdf-base 2016/05/15 v2.6 Base part for package epstopdf

(/usr/local/texlive/2016/texmf-dist/tex/latex/oberdiek/grfext.sty
Package: grfext 2016/05/16 v1.2 Manage graphics extensions (HO)

(/usr/local/texlive/2016/texmf-dist/tex/generic/oberdiek/kvdefinekeys.sty
Package: kvdefinekeys 2016/05/16 v1.4 Define keys (HO)
))
(/usr/local/texlive/2016/texmf-dist/tex/latex/oberdiek/kvoptions.sty
Package: kvoptions 2016/05/16 v3.12 Key value format for package options (HO)

(/usr/local/texlive/2016/texmf-dist/tex/generic/oberdiek/kvsetkeys.sty
Package: kvsetkeys 2016/05/16 v1.17 Key value parser (HO)

(/usr/local/texlive/2016/texmf-dist/tex/generic/oberdiek/etexcmds.sty
Package: etexcmds 2016/05/16 v1.6 Avoid name clashes with e-TeX commands (HO)
Package etexcmds Info: Could not find \expanded.
(etexcmds)             That can mean that you are not using pdfTeX 1.50 or
(etexcmds)             that some package has redefined \expanded.
(etexcmds)             In the latter case, load this package earlier.
)))
Package grfext Info: Graphics extension search list:
(grfext)             [.png,.pdf,.jpg,.mps,.jpeg,.jbig2,.jb2,.PNG,.PDF,.JPG,.JPE
G,.JBIG2,.JB2,.eps]
(grfext)             \AppendGraphicsExtensions on input line 456.

(/usr/local/texlive/2016/texmf-dist/tex/latex/latexconfig/epstopdf-sys.cfg
File: epstopdf-sys.cfg 2010/07/13 v1.3 Configuration of (r)epstopdf for TeX Liv
e
))
(/usr/local/texlive/2016/texmf-dist/tex/latex/oberdiek/pdflscape.sty
Package: pdflscape 2016/05/14 v0.11 Display of landscape pages in PDF (HO)

(/usr/local/texlive/2016/texmf-dist/tex/latex/graphics/lscape.sty
Package: lscape 2000/10/22 v3.01 Landscape Pages (DPC)
)
Package pdflscape Info: Auto-detected driver: pdftex on input line 81.

(/usr/local/texlive/2016/texmf-dist/tex/generic/ifxetex/ifxetex.sty
Package: ifxetex 2010/09/12 v0.6 Provides ifxetex conditional
)) [1

{/usr/local/texlive/2016/texmf-var/fonts/map/pdftex/updmap/pdftex.map}]
<psp_narrative.pdf, id=8, 614.295pt x 794.97pt>
File: psp_narrative.pdf Graphic file (type pdf)
 <use psp_narrative.pdf>
Package pdftex.def Info: psp_narrative.pdf used on input line 60.
(pdftex.def)             Requested size: 614.29349pt x 794.96806pt.
File: psp_narrative.pdf Graphic file (type pdf)

<use psp_narrative.pdf>
Package pdftex.def Info: psp_narrative.pdf used on input line 60.
(pdftex.def)             Requested size: 614.29349pt x 794.96806pt.

<psp_narrative.pdf, id=11, page=1, 614.295pt x 794.97pt>
File: psp_narrative.pdf Graphic file (type pdf)

<use psp_narrative.pdf, page 1>
Package pdftex.def Info: psp_narrative.pdf, page1 used on input line 60.
(pdftex.def)             Requested size: 614.29349pt x 794.96806pt.
File: psp_narrative.pdf Graphic file (type pdf)
 <use psp_narrative.pdf, page 1>
Package pdftex.def Info: psp_narrative.pdf, page1 used on input line 60.
(pdftex.def)             Requested size: 614.58406pt x 795.3441pt.
File: psp_narrative.pdf Graphic file (type pdf)

<use psp_narrative.pdf, page 1>
Package pdftex.def Info: psp_narrative.pdf, page1 used on input line 60.
(pdftex.def)             Requested size: 614.58406pt x 795.3441pt.
File: psp_narrative.pdf Graphic file (type pdf)
 <use psp_narrative.pdf, page 1>
Package pdftex.def Info: psp_narrative.pdf, page1 used on input line 60.
(pdftex.def)             Requested size: 614.58406pt x 795.3441pt.
File: psp_narrative.pdf Graphic file (type pdf)

<use psp_narrative.pdf, page 1>
Package pdftex.def Info: psp_narrative.pdf, page1 used on input line 60.
(pdftex.def)             Requested size: 614.58406pt x 795.3441pt.
 [2

 <./psp_narrative.pdf>]
<psp_narrative.pdf, id=32, page=2, 614.295pt x 794.97pt>
File: psp_narrative.pdf Graphic file (type pdf)

<use psp_narrative.pdf, page 2>
Package pdftex.def Info: psp_narrative.pdf, page2 used on input line 60.
(pdftex.def)             Requested size: 614.58406pt x 795.3441pt.
File: psp_narrative.pdf Graphic file (type pdf)
 <use psp_narrative.pdf, page 2>
Package pdftex.def Info: psp_narrative.pdf, page2 used on input line 60.
(pdftex.def)             Requested size: 614.58406pt x 795.3441pt.
File: psp_narrative.pdf Graphic file (type pdf)

<use psp_narrative.pdf, page 2>
Package pdftex.def Info: psp_narrative.pdf, page2 used on input line 60.
(pdftex.def)             Requested size: 614.58406pt x 795.3441pt.
 [3 <./psp_narrative.pdf>]
<psp_narrative.pdf, id=36, page=3, 614.295pt x 794.97pt>
File: psp_narrative.pdf Graphic file (type pdf)

<use psp_narrative.pdf, page 3>
Package pdftex.def Info: psp_narrative.pdf, page3 used on input line 60.
(pdftex.def)             Requested size: 614.58406pt x 795.3441pt.
File: psp_narrative.pdf Graphic file (type pdf)
 <use psp_narrative.pdf, page 3>
Package pdftex.def Info: psp_narrative.pdf, page3 used on input line 60.
(pdftex.def)             Requested size: 614.58406pt x 795.3441pt.
File: psp_narrative.pdf Graphic file (type pdf)

<use psp_narrative.pdf, page 3>
Package pdftex.def Info: psp_narrative.pdf, page3 used on input line 60.
(pdftex.def)             Requested size: 614.58406pt x 795.3441pt.
 [4 <./psp_narrative.pdf>]
<psp_narrative.pdf, id=50, page=4, 614.295pt x 794.97pt>
File: psp_narrative.pdf Graphic file (type pdf)

<use psp_narrative.pdf, page 4>
Package pdftex.def Info: psp_narrative.pdf, page4 used on input line 60.
(pdftex.def)             Requested size: 614.58406pt x 795.3441pt.
File: psp_narrative.pdf Graphic file (type pdf)
 <use psp_narrative.pdf, page 4>
Package pdftex.def Info: psp_narrative.pdf, page4 used on input line 60.
(pdftex.def)             Requested size: 614.58406pt x 795.3441pt.
File: psp_narrative.pdf Graphic file (type pdf)

<use psp_narrative.pdf, page 4>
Package pdftex.def Info: psp_narrative.pdf, page4 used on input line 60.
(pdftex.def)             Requested size: 614.58406pt x 795.3441pt.
 [5 <./psp_narrative.pdf>]
<psp_narrative.pdf, id=54, page=5, 614.295pt x 794.97pt>
File: psp_narrative.pdf Graphic file (type pdf)

<use psp_narrative.pdf, page 5>
Package pdftex.def Info: psp_narrative.pdf, page5 used on input line 60.
(pdftex.def)             Requested size: 614.58406pt x 795.3441pt.
File: psp_narrative.pdf Graphic file (type pdf)
 <use psp_narrative.pdf, page 5>
Package pdftex.def Info: psp_narrative.pdf, page5 used on input line 60.
(pdftex.def)             Requested size: 614.58406pt x 795.3441pt.
File: psp_narrative.pdf Graphic file (type pdf)

<use psp_narrative.pdf, page 5>
Package pdftex.def Info: psp_narrative.pdf, page5 used on input line 60.
(pdftex.def)             Requested size: 614.58406pt x 795.3441pt.
 [6 <./psp_narrative.pdf>]
<psp_narrative.pdf, id=59, page=6, 614.295pt x 794.97pt>
File: psp_narrative.pdf Graphic file (type pdf)

<use psp_narrative.pdf, page 6>
Package pdftex.def Info: psp_narrative.pdf, page6 used on input line 60.
(pdftex.def)             Requested size: 614.58406pt x 795.3441pt.
File: psp_narrative.pdf Graphic file (type pdf)
 <use psp_narrative.pdf, page 6>
Package pdftex.def Info: psp_narrative.pdf, page6 used on input line 60.
(pdftex.def)             Requested size: 614.58406pt x 795.3441pt.
File: psp_narrative.pdf Graphic file (type pdf)

<use psp_narrative.pdf, page 6>
Package pdftex.def Info: psp_narrative.pdf, page6 used on input line 60.
(pdftex.def)             Requested size: 614.58406pt x 795.3441pt.
 [7 <./psp_narrative.pdf>]
<psp_narrative.pdf, id=64, page=7, 614.295pt x 794.97pt>
File: psp_narrative.pdf Graphic file (type pdf)

<use psp_narrative.pdf, page 7>
Package pdftex.def Info: psp_narrative.pdf, page7 used on input line 60.
(pdftex.def)             Requested size: 614.58406pt x 795.3441pt.
File: psp_narrative.pdf Graphic file (type pdf)
 <use psp_narrative.pdf, page 7>
Package pdftex.def Info: psp_narrative.pdf, page7 used on input line 60.
(pdftex.def)             Requested size: 614.58406pt x 795.3441pt.
File: psp_narrative.pdf Graphic file (type pdf)

<use psp_narrative.pdf, page 7>
Package pdftex.def Info: psp_narrative.pdf, page7 used on input line 60.
(pdftex.def)             Requested size: 614.58406pt x 795.3441pt.
 [8 <./psp_narrative.pdf>]
<psp_narrative.pdf, id=92, page=8, 614.295pt x 794.97pt>
File: psp_narrative.pdf Graphic file (type pdf)

<use psp_narrative.pdf, page 8>
Package pdftex.def Info: psp_narrative.pdf, page8 used on input line 60.
(pdftex.def)             Requested size: 614.58406pt x 795.3441pt.
File: psp_narrative.pdf Graphic file (type pdf)
 <use psp_narrative.pdf, page 8>
Package pdftex.def Info: psp_narrative.pdf, page8 used on input line 60.
(pdftex.def)             Requested size: 614.58406pt x 795.3441pt.
File: psp_narrative.pdf Graphic file (type pdf)

<use psp_narrative.pdf, page 8>
Package pdftex.def Info: psp_narrative.pdf, page8 used on input line 60.
(pdftex.def)             Requested size: 614.58406pt x 795.3441pt.
 [9 <./psp_narrative.pdf>]
<psp_narrative.pdf, id=101, page=9, 614.295pt x 794.97pt>
File: psp_narrative.pdf Graphic file (type pdf)

<use psp_narrative.pdf, page 9>
Package pdftex.def Info: psp_narrative.pdf, page9 used on input line 60.
(pdftex.def)             Requested size: 614.58406pt x 795.3441pt.
File: psp_narrative.pdf Graphic file (type pdf)
 <use psp_narrative.pdf, page 9>
Package pdftex.def Info: psp_narrative.pdf, page9 used on input line 60.
(pdftex.def)             Requested size: 614.58406pt x 795.3441pt.
File: psp_narrative.pdf Graphic file (type pdf)

<use psp_narrative.pdf, page 9>
Package pdftex.def Info: psp_narrative.pdf, page9 used on input line 60.
(pdftex.def)             Requested size: 614.58406pt x 795.3441pt.
 [10 <./psp_narrative.pdf>]
<psp_narrative.pdf, id=105, page=10, 614.295pt x 794.97pt>
File: psp_narrative.pdf Graphic file (type pdf)

<use psp_narrative.pdf, page 10>
Package pdftex.def Info: psp_narrative.pdf, page10 used on input line 60.
(pdftex.def)             Requested size: 614.58406pt x 795.3441pt.
File: psp_narrative.pdf Graphic file (type pdf)
 <use psp_narrative.pdf, page 10>
Package pdftex.def Info: psp_narrative.pdf, page10 used on input line 60.
(pdftex.def)             Requested size: 614.58406pt x 795.3441pt.
File: psp_narrative.pdf Graphic file (type pdf)

<use psp_narrative.pdf, page 10>
Package pdftex.def Info: psp_narrative.pdf, page10 used on input line 60.
(pdftex.def)             Requested size: 614.58406pt x 795.3441pt.
 [11 <./psp_narrative.pdf>]
<psp_narrative.pdf, id=112, page=11, 614.295pt x 794.97pt>
File: psp_narrative.pdf Graphic file (type pdf)

<use psp_narrative.pdf, page 11>
Package pdftex.def Info: psp_narrative.pdf, page11 used on input line 60.
(pdftex.def)             Requested size: 614.58406pt x 795.3441pt.
File: psp_narrative.pdf Graphic file (type pdf)
 <use psp_narrative.pdf, page 11>
Package pdftex.def Info: psp_narrative.pdf, page11 used on input line 60.
(pdftex.def)             Requested size: 614.58406pt x 795.3441pt.
File: psp_narrative.pdf Graphic file (type pdf)

<use psp_narrative.pdf, page 11>
Package pdftex.def Info: psp_narrative.pdf, page11 used on input line 60.
(pdftex.def)             Requested size: 614.58406pt x 795.3441pt.
 [12 <./psp_narrative.pdf>]
<psp_narrative.pdf, id=116, page=12, 614.295pt x 794.97pt>
File: psp_narrative.pdf Graphic file (type pdf)

<use psp_narrative.pdf, page 12>
Package pdftex.def Info: psp_narrative.pdf, page12 used on input line 60.
(pdftex.def)             Requested size: 614.58406pt x 795.3441pt.
File: psp_narrative.pdf Graphic file (type pdf)
 <use psp_narrative.pdf, page 12>
Package pdftex.def Info: psp_narrative.pdf, page12 used on input line 60.
(pdftex.def)             Requested size: 614.58406pt x 795.3441pt.
File: psp_narrative.pdf Graphic file (type pdf)

<use psp_narrative.pdf, page 12>
Package pdftex.def Info: psp_narrative.pdf, page12 used on input line 60.
(pdftex.def)             Requested size: 614.58406pt x 795.3441pt.
 [13 <./psp_narrative.pdf>]
<psp_narrative.pdf, id=121, page=13, 614.295pt x 794.97pt>
File: psp_narrative.pdf Graphic file (type pdf)

<use psp_narrative.pdf, page 13>
Package pdftex.def Info: psp_narrative.pdf, page13 used on input line 60.
(pdftex.def)             Requested size: 614.58406pt x 795.3441pt.
File: psp_narrative.pdf Graphic file (type pdf)
 <use psp_narrative.pdf, page 13>
Package pdftex.def Info: psp_narrative.pdf, page13 used on input line 60.
(pdftex.def)             Requested size: 614.58406pt x 795.3441pt.
File: psp_narrative.pdf Graphic file (type pdf)

<use psp_narrative.pdf, page 13>
Package pdftex.def Info: psp_narrative.pdf, page13 used on input line 60.
(pdftex.def)             Requested size: 614.58406pt x 795.3441pt.
 [14 <./psp_narrative.pdf>]
<psp_narrative.pdf, id=125, page=14, 614.295pt x 794.97pt>
File: psp_narrative.pdf Graphic file (type pdf)

<use psp_narrative.pdf, page 14>
Package pdftex.def Info: psp_narrative.pdf, page14 used on input line 60.
(pdftex.def)             Requested size: 614.58406pt x 795.3441pt.
File: psp_narrative.pdf Graphic file (type pdf)
 <use psp_narrative.pdf, page 14>
Package pdftex.def Info: psp_narrative.pdf, page14 used on input line 60.
(pdftex.def)             Requested size: 614.58406pt x 795.3441pt.
File: psp_narrative.pdf Graphic file (type pdf)

<use psp_narrative.pdf, page 14>
Package pdftex.def Info: psp_narrative.pdf, page14 used on input line 60.
(pdftex.def)             Requested size: 614.58406pt x 795.3441pt.
 [15 <./psp_narrative.pdf>]
<psp_narrative.pdf, id=129, page=15, 614.295pt x 794.97pt>
File: psp_narrative.pdf Graphic file (type pdf)

<use psp_narrative.pdf, page 15>
Package pdftex.def Info: psp_narrative.pdf, page15 used on input line 60.
(pdftex.def)             Requested size: 614.58406pt x 795.3441pt.
File: psp_narrative.pdf Graphic file (type pdf)
 <use psp_narrative.pdf, page 15>
Package pdftex.def Info: psp_narrative.pdf, page15 used on input line 60.
(pdftex.def)             Requested size: 614.58406pt x 795.3441pt.
File: psp_narrative.pdf Graphic file (type pdf)

<use psp_narrative.pdf, page 15>
Package pdftex.def Info: psp_narrative.pdf, page15 used on input line 60.
(pdftex.def)             Requested size: 614.58406pt x 795.3441pt.
 [16 <./psp_narrative.pdf>]
<psp_narrative.pdf, id=133, page=16, 614.295pt x 794.97pt>
File: psp_narrative.pdf Graphic file (type pdf)

<use psp_narrative.pdf, page 16>
Package pdftex.def Info: psp_narrative.pdf, page16 used on input line 60.
(pdftex.def)             Requested size: 614.58406pt x 795.3441pt.
File: psp_narrative.pdf Graphic file (type pdf)
 <use psp_narrative.pdf, page 16>
Package pdftex.def Info: psp_narrative.pdf, page16 used on input line 60.
(pdftex.def)             Requested size: 614.58406pt x 795.3441pt.
File: psp_narrative.pdf Graphic file (type pdf)

<use psp_narrative.pdf, page 16>
Package pdftex.def Info: psp_narrative.pdf, page16 used on input line 60.
(pdftex.def)             Requested size: 614.58406pt x 795.3441pt.
 [17 <./psp_narrative.pdf>]
<psp_narrative.pdf, id=137, page=17, 614.295pt x 794.97pt>
File: psp_narrative.pdf Graphic file (type pdf)

<use psp_narrative.pdf, page 17>
Package pdftex.def Info: psp_narrative.pdf, page17 used on input line 60.
(pdftex.def)             Requested size: 614.58406pt x 795.3441pt.
File: psp_narrative.pdf Graphic file (type pdf)
 <use psp_narrative.pdf, page 17>
Package pdftex.def Info: psp_narrative.pdf, page17 used on input line 60.
(pdftex.def)             Requested size: 614.58406pt x 795.3441pt.
File: psp_narrative.pdf Graphic file (type pdf)

<use psp_narrative.pdf, page 17>
Package pdftex.def Info: psp_narrative.pdf, page17 used on input line 60.
(pdftex.def)             Requested size: 614.58406pt x 795.3441pt.
 [18 <./psp_narrative.pdf>]
<cvs/Jardine_CV.pdf, id=141, 614.295pt x 794.97pt>
File: cvs/Jardine_CV.pdf Graphic file (type pdf)
 <use cvs/Jardine_CV.pdf>
Package pdftex.def Info: cvs/Jardine_CV.pdf used on input line 61.
(pdftex.def)             Requested size: 614.29349pt x 794.96806pt.
File: cvs/Jardine_CV.pdf Graphic file (type pdf)

<use cvs/Jardine_CV.pdf>
Package pdftex.def Info: cvs/Jardine_CV.pdf used on input line 61.
(pdftex.def)             Requested size: 614.29349pt x 794.96806pt.

<cvs/Jardine_CV.pdf, id=144, page=1, 614.295pt x 794.97pt>
File: cvs/Jardine_CV.pdf Graphic file (type pdf)

<use cvs/Jardine_CV.pdf, page 1>
Package pdftex.def Info: cvs/Jardine_CV.pdf, page1 used on input line 61.
(pdftex.def)             Requested size: 614.29349pt x 794.96806pt.
File: cvs/Jardine_CV.pdf Graphic file (type pdf)
 <use cvs/Jardine_CV.pdf, page 1>
Package pdftex.def Info: cvs/Jardine_CV.pdf, page1 used on input line 61.
(pdftex.def)             Requested size: 614.58406pt x 795.3441pt.
File: cvs/Jardine_CV.pdf Graphic file (type pdf)

<use cvs/Jardine_CV.pdf, page 1>
Package pdftex.def Info: cvs/Jardine_CV.pdf, page1 used on input line 61.
(pdftex.def)             Requested size: 614.58406pt x 795.3441pt.
File: cvs/Jardine_CV.pdf Graphic file (type pdf)
 <use cvs/Jardine_CV.pdf, page 1>
Package pdftex.def Info: cvs/Jardine_CV.pdf, page1 used on input line 61.
(pdftex.def)             Requested size: 614.58406pt x 795.3441pt.
File: cvs/Jardine_CV.pdf Graphic file (type pdf)

<use cvs/Jardine_CV.pdf, page 1>
Package pdftex.def Info: cvs/Jardine_CV.pdf, page1 used on input line 61.
(pdftex.def)             Requested size: 614.58406pt x 795.3441pt.
 [19 <./cvs/Jardine_CV.pdf>]
<cvs/Jardine_CV.pdf, id=198, page=2, 614.295pt x 794.97pt>
File: cvs/Jardine_CV.pdf Graphic file (type pdf)

<use cvs/Jardine_CV.pdf, page 2>
Package pdftex.def Info: cvs/Jardine_CV.pdf, page2 used on input line 61.
(pdftex.def)             Requested size: 614.58406pt x 795.3441pt.
File: cvs/Jardine_CV.pdf Graphic file (type pdf)
 <use cvs/Jardine_CV.pdf, page 2>
Package pdftex.def Info: cvs/Jardine_CV.pdf, page2 used on input line 61.
(pdftex.def)             Requested size: 614.58406pt x 795.3441pt.
File: cvs/Jardine_CV.pdf Graphic file (type pdf)

<use cvs/Jardine_CV.pdf, page 2>
Package pdftex.def Info: cvs/Jardine_CV.pdf, page2 used on input line 61.
(pdftex.def)             Requested size: 614.58406pt x 795.3441pt.
 [20 <./cvs/Jardine_CV.pdf>]
<cvs/Holland_CV.pdf, id=208, 614.295pt x 794.97pt>
File: cvs/Holland_CV.pdf Graphic file (type pdf)
 <use cvs/Holland_CV.pdf>
Package pdftex.def Info: cvs/Holland_CV.pdf used on input line 62.
(pdftex.def)             Requested size: 614.29349pt x 794.96806pt.
File: cvs/Holland_CV.pdf Graphic file (type pdf)

<use cvs/Holland_CV.pdf>
Package pdftex.def Info: cvs/Holland_CV.pdf used on input line 62.
(pdftex.def)             Requested size: 614.29349pt x 794.96806pt.

<cvs/Holland_CV.pdf, id=211, page=1, 614.295pt x 794.97pt>
File: cvs/Holland_CV.pdf Graphic file (type pdf)

<use cvs/Holland_CV.pdf, page 1>
Package pdftex.def Info: cvs/Holland_CV.pdf, page1 used on input line 62.
(pdftex.def)             Requested size: 614.29349pt x 794.96806pt.
File: cvs/Holland_CV.pdf Graphic file (type pdf)
 <use cvs/Holland_CV.pdf, page 1>
Package pdftex.def Info: cvs/Holland_CV.pdf, page1 used on input line 62.
(pdftex.def)             Requested size: 614.58406pt x 795.3441pt.
File: cvs/Holland_CV.pdf Graphic file (type pdf)

<use cvs/Holland_CV.pdf, page 1>
Package pdftex.def Info: cvs/Holland_CV.pdf, page1 used on input line 62.
(pdftex.def)             Requested size: 614.58406pt x 795.3441pt.
File: cvs/Holland_CV.pdf Graphic file (type pdf)
 <use cvs/Holland_CV.pdf, page 1>
Package pdftex.def Info: cvs/Holland_CV.pdf, page1 used on input line 62.
(pdftex.def)             Requested size: 614.58406pt x 795.3441pt.
File: cvs/Holland_CV.pdf Graphic file (type pdf)

<use cvs/Holland_CV.pdf, page 1>
Package pdftex.def Info: cvs/Holland_CV.pdf, page1 used on input line 62.
(pdftex.def)             Requested size: 614.58406pt x 795.3441pt.
 [21 <./cvs/Holland_CV.pdf>]
<cvs/Holland_CV.pdf, id=239, page=2, 614.295pt x 794.97pt>
File: cvs/Holland_CV.pdf Graphic file (type pdf)

<use cvs/Holland_CV.pdf, page 2>
Package pdftex.def Info: cvs/Holland_CV.pdf, page2 used on input line 62.
(pdftex.def)             Requested size: 614.58406pt x 795.3441pt.
File: cvs/Holland_CV.pdf Graphic file (type pdf)
 <use cvs/Holland_CV.pdf, page 2>
Package pdftex.def Info: cvs/Holland_CV.pdf, page2 used on input line 62.
(pdftex.def)             Requested size: 614.58406pt x 795.3441pt.
File: cvs/Holland_CV.pdf Graphic file (type pdf)

<use cvs/Holland_CV.pdf, page 2>
Package pdftex.def Info: cvs/Holland_CV.pdf, page2 used on input line 62.
(pdftex.def)             Requested size: 614.58406pt x 795.3441pt.
 [22 <./cvs/Holland_CV.pdf>]
<cvs/Fonner_CV.pdf, id=255, 614.295pt x 794.97pt>
File: cvs/Fonner_CV.pdf Graphic file (type pdf)
 <use cvs/Fonner_CV.pdf>
Package pdftex.def Info: cvs/Fonner_CV.pdf used on input line 63.
(pdftex.def)             Requested size: 614.29349pt x 794.96806pt.
File: cvs/Fonner_CV.pdf Graphic file (type pdf)

<use cvs/Fonner_CV.pdf>
Package pdftex.def Info: cvs/Fonner_CV.pdf used on input line 63.
(pdftex.def)             Requested size: 614.29349pt x 794.96806pt.

<cvs/Fonner_CV.pdf, id=258, page=1, 614.295pt x 794.97pt>
File: cvs/Fonner_CV.pdf Graphic file (type pdf)

<use cvs/Fonner_CV.pdf, page 1>
Package pdftex.def Info: cvs/Fonner_CV.pdf, page1 used on input line 63.
(pdftex.def)             Requested size: 614.29349pt x 794.96806pt.
File: cvs/Fonner_CV.pdf Graphic file (type pdf)
 <use cvs/Fonner_CV.pdf, page 1>
Package pdftex.def Info: cvs/Fonner_CV.pdf, page1 used on input line 63.
(pdftex.def)             Requested size: 614.58406pt x 795.3441pt.
File: cvs/Fonner_CV.pdf Graphic file (type pdf)

<use cvs/Fonner_CV.pdf, page 1>
Package pdftex.def Info: cvs/Fonner_CV.pdf, page1 used on input line 63.
(pdftex.def)             Requested size: 614.58406pt x 795.3441pt.
File: cvs/Fonner_CV.pdf Graphic file (type pdf)
 <use cvs/Fonner_CV.pdf, page 1>
Package pdftex.def Info: cvs/Fonner_CV.pdf, page1 used on input line 63.
(pdftex.def)             Requested size: 614.58406pt x 795.3441pt.
File: cvs/Fonner_CV.pdf Graphic file (type pdf)

<use cvs/Fonner_CV.pdf, page 1>
Package pdftex.def Info: cvs/Fonner_CV.pdf, page1 used on input line 63.
(pdftex.def)             Requested size: 614.58406pt x 795.3441pt.
 [23 <./cvs/Fonner_CV.pdf>]
<cvs/Fonner_CV.pdf, id=316, page=2, 614.295pt x 794.97pt>
File: cvs/Fonner_CV.pdf Graphic file (type pdf)

<use cvs/Fonner_CV.pdf, page 2>
Package pdftex.def Info: cvs/Fonner_CV.pdf, page2 used on input line 63.
(pdftex.def)             Requested size: 614.58406pt x 795.3441pt.
File: cvs/Fonner_CV.pdf Graphic file (type pdf)
 <use cvs/Fonner_CV.pdf, page 2>
Package pdftex.def Info: cvs/Fonner_CV.pdf, page2 used on input line 63.
(pdftex.def)             Requested size: 614.58406pt x 795.3441pt.
File: cvs/Fonner_CV.pdf Graphic file (type pdf)

<use cvs/Fonner_CV.pdf, page 2>
Package pdftex.def Info: cvs/Fonner_CV.pdf, page2 used on input line 63.
(pdftex.def)             Requested size: 614.58406pt x 795.3441pt.
 [24 <./cvs/Fonner_CV.pdf>]
<cvs/Scheuerell_CV.pdf, id=330, 614.295pt x 794.97pt>
File: cvs/Scheuerell_CV.pdf Graphic file (type pdf)

<use cvs/Scheuerell_CV.pdf>
Package pdftex.def Info: cvs/Scheuerell_CV.pdf used on input line 64.
(pdftex.def)             Requested size: 614.29349pt x 794.96806pt.
File: cvs/Scheuerell_CV.pdf Graphic file (type pdf)
 <use cvs/Scheuerell_CV.pdf>
Package pdftex.def Info: cvs/Scheuerell_CV.pdf used on input line 64.
(pdftex.def)             Requested size: 614.29349pt x 794.96806pt.

<cvs/Scheuerell_CV.pdf, id=333, page=1, 614.295pt x 794.97pt>
File: cvs/Scheuerell_CV.pdf Graphic file (type pdf)

<use cvs/Scheuerell_CV.pdf, page 1>
Package pdftex.def Info: cvs/Scheuerell_CV.pdf, page1 used on input line 64.
(pdftex.def)             Requested size: 614.29349pt x 794.96806pt.
File: cvs/Scheuerell_CV.pdf Graphic file (type pdf)
 <use cvs/Scheuerell_CV.pdf, page 1>
Package pdftex.def Info: cvs/Scheuerell_CV.pdf, page1 used on input line 64.
(pdftex.def)             Requested size: 614.58406pt x 795.3441pt.
File: cvs/Scheuerell_CV.pdf Graphic file (type pdf)

<use cvs/Scheuerell_CV.pdf, page 1>
Package pdftex.def Info: cvs/Scheuerell_CV.pdf, page1 used on input line 64.
(pdftex.def)             Requested size: 614.58406pt x 795.3441pt.
File: cvs/Scheuerell_CV.pdf Graphic file (type pdf)
 <use cvs/Scheuerell_CV.pdf, page 1>
Package pdftex.def Info: cvs/Scheuerell_CV.pdf, page1 used on input line 64.
(pdftex.def)             Requested size: 614.58406pt x 795.3441pt.
File: cvs/Scheuerell_CV.pdf Graphic file (type pdf)

<use cvs/Scheuerell_CV.pdf, page 1>
Package pdftex.def Info: cvs/Scheuerell_CV.pdf, page1 used on input line 64.
(pdftex.def)             Requested size: 614.58406pt x 795.3441pt.
 [25 <./cvs/Scheuerell_CV.pdf>]
<cvs/Scheuerell_CV.pdf, id=360, page=2, 614.295pt x 794.97pt>
File: cvs/Scheuerell_CV.pdf Graphic file (type pdf)

<use cvs/Scheuerell_CV.pdf, page 2>
Package pdftex.def Info: cvs/Scheuerell_CV.pdf, page2 used on input line 64.
(pdftex.def)             Requested size: 614.58406pt x 795.3441pt.
File: cvs/Scheuerell_CV.pdf Graphic file (type pdf)
 <use cvs/Scheuerell_CV.pdf, page 2>
Package pdftex.def Info: cvs/Scheuerell_CV.pdf, page2 used on input line 64.
(pdftex.def)             Requested size: 614.58406pt x 795.3441pt.
File: cvs/Scheuerell_CV.pdf Graphic file (type pdf)

<use cvs/Scheuerell_CV.pdf, page 2>
Package pdftex.def Info: cvs/Scheuerell_CV.pdf, page2 used on input line 64.
(pdftex.def)             Requested size: 614.58406pt x 795.3441pt.
 [26 <./cvs/Scheuerell_CV.pdf>]
<cvs/Van_Deynze_CV.pdf, id=364, 614.295pt x 794.97pt>
File: cvs/Van_Deynze_CV.pdf Graphic file (type pdf)

<use cvs/Van_Deynze_CV.pdf>
Package pdftex.def Info: cvs/Van_Deynze_CV.pdf used on input line 65.
(pdftex.def)             Requested size: 614.29349pt x 794.96806pt.
File: cvs/Van_Deynze_CV.pdf Graphic file (type pdf)
 <use cvs/Van_Deynze_CV.pdf>
Package pdftex.def Info: cvs/Van_Deynze_CV.pdf used on input line 65.
(pdftex.def)             Requested size: 614.29349pt x 794.96806pt.

<cvs/Van_Deynze_CV.pdf, id=367, page=1, 614.295pt x 794.97pt>
File: cvs/Van_Deynze_CV.pdf Graphic file (type pdf)

<use cvs/Van_Deynze_CV.pdf, page 1>
Package pdftex.def Info: cvs/Van_Deynze_CV.pdf, page1 used on input line 65.
(pdftex.def)             Requested size: 614.29349pt x 794.96806pt.
File: cvs/Van_Deynze_CV.pdf Graphic file (type pdf)
 <use cvs/Van_Deynze_CV.pdf, page 1>
Package pdftex.def Info: cvs/Van_Deynze_CV.pdf, page1 used on input line 65.
(pdftex.def)             Requested size: 614.58406pt x 795.3441pt.
File: cvs/Van_Deynze_CV.pdf Graphic file (type pdf)

<use cvs/Van_Deynze_CV.pdf, page 1>
Package pdftex.def Info: cvs/Van_Deynze_CV.pdf, page1 used on input line 65.
(pdftex.def)             Requested size: 614.58406pt x 795.3441pt.
File: cvs/Van_Deynze_CV.pdf Graphic file (type pdf)
 <use cvs/Van_Deynze_CV.pdf, page 1>
Package pdftex.def Info: cvs/Van_Deynze_CV.pdf, page1 used on input line 65.
(pdftex.def)             Requested size: 614.58406pt x 795.3441pt.
File: cvs/Van_Deynze_CV.pdf Graphic file (type pdf)

<use cvs/Van_Deynze_CV.pdf, page 1>
Package pdftex.def Info: cvs/Van_Deynze_CV.pdf, page1 used on input line 65.
(pdftex.def)             Requested size: 614.58406pt x 795.3441pt.
 [27 <./cvs/Van_Deynze_CV.pdf>]
<cvs/Van_Deynze_CV.pdf, id=407, page=2, 614.295pt x 794.97pt>
File: cvs/Van_Deynze_CV.pdf Graphic file (type pdf)

<use cvs/Van_Deynze_CV.pdf, page 2>
Package pdftex.def Info: cvs/Van_Deynze_CV.pdf, page2 used on input line 65.
(pdftex.def)             Requested size: 614.58406pt x 795.3441pt.
File: cvs/Van_Deynze_CV.pdf Graphic file (type pdf)
 <use cvs/Van_Deynze_CV.pdf, page 2>
Package pdftex.def Info: cvs/Van_Deynze_CV.pdf, page2 used on input line 65.
(pdftex.def)             Requested size: 614.58406pt x 795.3441pt.
File: cvs/Van_Deynze_CV.pdf Graphic file (type pdf)

<use cvs/Van_Deynze_CV.pdf, page 2>
Package pdftex.def Info: cvs/Van_Deynze_CV.pdf, page2 used on input line 65.
(pdftex.def)             Requested size: 614.58406pt x 795.3441pt.
 [28 <./cvs/Van_Deynze_CV.pdf>]
(./psp_proposal.aux) ) 
Here is how much of TeX's memory you used:
 3066 strings out of 493014
 45721 string characters out of 6133351
 108619 words of memory out of 5000000
 6572 multiletter control sequences out of 15000+600000
 4238 words of font info for 16 fonts, out of 8000000 for 9000
 1141 hyphenation exceptions out of 8191
 40i,18n,46p,243b,424s stack positions out of 5000i,500n,10000p,200000b,80000s
</usr/local/texlive/2016/texmf-dist/fonts/type1/public/am
sfonts/cm/cmmi12.pfb></usr/local/texlive/2016/texmf-dist/fonts/type1/public/ams
fonts/cm/cmr10.pfb></usr/local/texlive/2016/texmf-dist/fonts/type1/public/amsfo
nts/cm/cmr12.pfb></usr/local/texlive/2016/texmf-dist/fonts/type1/public/lm/lmbx
10.pfb></usr/local/texlive/2016/texmf-dist/fonts/type1/public/lm/lmbx12.pfb></u
sr/local/texlive/2016/texmf-dist/fonts/type1/public/lm/lmr10.pfb></usr/local/te
xlive/2016/texmf-dist/fonts/type1/public/lm/lmri10.pfb></usr/local/texlive/2016
/texmf-dist/fonts/type1/public/newtx/ntxsups-Regular.pfb></usr/local/texlive/20
16/texmf-dist/fonts/type1/public/tex-gyre/qtmb.pfb></usr/local/texlive/2016/tex
mf-dist/fonts/type1/public/tex-gyre/qtmr.pfb></usr/local/texlive/2016/texmf-dis
t/fonts/type1/public/tex-gyre/qtmri.pfb></usr/local/texlive/2016/texmf-dist/fon
ts/type1/public/txfonts/t1xtt.pfb>
Output written on psp_proposal.pdf (28 pages, 4809613 bytes).
PDF statistics:
 446 PDF objects out of 1000 (max. 8388607)
 282 compressed objects within 3 object streams
 0 named destinations out of 1000 (max. 500000)
 226 words of extra memory for PDF output out of 10000 (max. 10000000)

