\BOOKMARK [1][-]{section.1}{Goals and objectives}{}% 1
\BOOKMARK [2][-]{subsection.1.1}{Goals}{section.1}% 2
\BOOKMARK [2][-]{subsection.1.2}{Objectives}{section.1}% 3
\BOOKMARK [1][-]{section.2}{Background}{}% 4
\BOOKMARK [2][-]{subsection.2.1}{Fish passage in Washington state}{section.2}% 5
\BOOKMARK [2][-]{subsection.2.2}{Optimization tools in fish passage}{section.2}% 6
\BOOKMARK [2][-]{subsection.2.3}{Tailoring optimization for Washington fish passage prioritization}{section.2}% 7
\BOOKMARK [1][-]{section.3}{Approach}{}% 8
\BOOKMARK [2][-]{subsection.3.1}{Cost model}{section.3}% 9
\BOOKMARK [2][-]{subsection.3.2}{Habitat model}{section.3}% 10
\BOOKMARK [2][-]{subsection.3.3}{Equity}{section.3}% 11
\BOOKMARK [2][-]{subsection.3.4}{Risk mitigation}{section.3}% 12
\BOOKMARK [2][-]{subsection.3.5}{Optimization Framework}{section.3}% 13
\BOOKMARK [3][-]{subsubsection.3.5.1}{Design}{subsection.3.5}% 14
\BOOKMARK [3][-]{subsubsection.3.5.2}{Applications}{subsection.3.5}% 15
\BOOKMARK [2][-]{subsection.3.6}{Role of team members and partners}{section.3}% 16
\BOOKMARK [2][-]{subsection.3.7}{Potential challenges}{section.3}% 17
\BOOKMARK [1][-]{section.4}{Engagement plan }{}% 18
\BOOKMARK [2][-]{subsection.4.1}{Community collaborators}{section.4}% 19
\BOOKMARK [2][-]{subsection.4.2}{Target audiences}{section.4}% 20
\BOOKMARK [2][-]{subsection.4.3}{Engagement activities}{section.4}% 21
\BOOKMARK [2][-]{subsection.4.4}{Anticipated outcomes and evaluation}{section.4}% 22
\BOOKMARK [2][-]{subsection.4.5}{Estimated costs}{section.4}% 23
